<?xml version="1.0" encoding="UTF-8"?>
<!-- Generated by org.testng.reporters.JUnitXMLReporter -->
<testsuite ignored="0" hostname="DAnglaeva-PF16KR95" failures="1" tests="9" name="Surefire test" time="0.371" errors="0" timestamp="2024-06-06T14:14:45 EDT">
  <testcase classname="org.selenium.pom.base.BaseTest" name="@BeforeMethod startDriver" time="0.021">
    <failure type="java.lang.NullPointerException" message="Name is null">
      <![CDATA[java.lang.NullPointerException: Name is null
at java.base/java.lang.Enum.valueOf(Enum.java:271)
at org.selenium.pom.constants.DriverType.valueOf(DriverType.java:3)
at org.selenium.pom.base.BaseTest.startDriver(BaseTest.java:64)
at java.base/java.util.ArrayList.forEach(ArrayList.java:1511)
... Removed 36 stack frames]]>
    </failure>
  </testcase> <!-- @BeforeMethod startDriver -->
  <testcase classname="org.selenium.pom.base.BaseTest" name="@AfterMethod quitDriver" time="0.0">
    <skipped/>
  </testcase> <!-- @AfterMethod quitDriver -->
  <testcase classname="org.selenium.pom.base.BaseTest" name="@BeforeMethod startDriver" time="0.001">
    <failure type="java.lang.NullPointerException" message="Name is null">
      <![CDATA[java.lang.NullPointerException: Name is null
at java.base/java.lang.Enum.valueOf(Enum.java:271)
at org.selenium.pom.constants.DriverType.valueOf(DriverType.java:3)
at org.selenium.pom.base.BaseTest.startDriver(BaseTest.java:64)
at java.base/java.util.ArrayList.forEach(ArrayList.java:1511)
... Removed 36 stack frames]]>
    </failure>
  </testcase> <!-- @BeforeMethod startDriver -->
  <testcase classname="org.selenium.pom.base.BaseTest" name="@AfterMethod quitDriver" time="0.0">
    <skipped/>
  </testcase> <!-- @AfterMethod quitDriver -->
  <testcase classname="org.selenium.pom.base.BaseTest" name="@BeforeMethod startDriver" time="0.0">
    <skipped/>
  </testcase> <!-- @BeforeMethod startDriver -->
  <testcase classname="org.selenium.pom.base.BaseTest" name="@AfterMethod quitDriver" time="0.0">
    <skipped/>
  </testcase> <!-- @AfterMethod quitDriver -->
  <testcase classname="org.selenium.pom.base.BaseTest" name="@BeforeMethod startDriver" time="0.0">
    <failure type="java.lang.NullPointerException" message="Name is null">
      <![CDATA[java.lang.NullPointerException: Name is null
at java.base/java.lang.Enum.valueOf(Enum.java:271)
at org.selenium.pom.constants.DriverType.valueOf(DriverType.java:3)
at org.selenium.pom.base.BaseTest.startDriver(BaseTest.java:64)
at java.base/java.util.ArrayList.forEach(ArrayList.java:1511)
... Removed 36 stack frames]]>
    </failure>
  </testcase> <!-- @BeforeMethod startDriver -->
  <testcase classname="org.selenium.pom.base.BaseTest" name="@AfterMethod quitDriver" time="0.0">
    <skipped/>
  </testcase> <!-- @AfterMethod quitDriver -->
  <testcase classname="org.selenium.pom.base.BaseTest" name="@BeforeMethod startDriver" time="0.0">
    <failure type="java.lang.NullPointerException" message="Name is null">
      <![CDATA[java.lang.NullPointerException: Name is null
at java.base/java.lang.Enum.valueOf(Enum.java:271)
at org.selenium.pom.constants.DriverType.valueOf(DriverType.java:3)
at org.selenium.pom.base.BaseTest.startDriver(BaseTest.java:64)
at java.base/java.util.ArrayList.forEach(ArrayList.java:1511)
... Removed 36 stack frames]]>
    </failure>
  </testcase> <!-- @BeforeMethod startDriver -->
  <testcase classname="org.selenium.pom.base.BaseTest" name="@AfterMethod quitDriver" time="0.0">
    <skipped/>
  </testcase> <!-- @AfterMethod quitDriver -->
  <testcase classname="org.selenium.pom.base.BaseTest" name="@BeforeMethod startDriver" time="0.0">
    <skipped/>
  </testcase> <!-- @BeforeMethod startDriver -->
  <testcase classname="org.selenium.pom.base.BaseTest" name="@AfterMethod quitDriver" time="0.0">
    <skipped/>
  </testcase> <!-- @AfterMethod quitDriver -->
  <testcase classname="org.selenium.pom.base.BaseTest" name="@BeforeMethod startDriver" time="0.001">
    <failure type="java.lang.NullPointerException" message="Name is null">
      <![CDATA[java.lang.NullPointerException: Name is null
at java.base/java.lang.Enum.valueOf(Enum.java:271)
at org.selenium.pom.constants.DriverType.valueOf(DriverType.java:3)
at org.selenium.pom.base.BaseTest.startDriver(BaseTest.java:64)
at java.base/java.util.ArrayList.forEach(ArrayList.java:1511)
... Removed 36 stack frames]]>
    </failure>
  </testcase> <!-- @BeforeMethod startDriver -->
  <testcase classname="org.selenium.pom.base.BaseTest" name="@AfterMethod quitDriver" time="0.0">
    <skipped/>
  </testcase> <!-- @AfterMethod quitDriver -->
  <testcase classname="org.selenium.pom.base.BaseTest" name="@BeforeMethod startDriver" time="0.001">
    <failure type="java.lang.NullPointerException" message="Name is null">
      <![CDATA[java.lang.NullPointerException: Name is null
at java.base/java.lang.Enum.valueOf(Enum.java:271)
at org.selenium.pom.constants.DriverType.valueOf(DriverType.java:3)
at org.selenium.pom.base.BaseTest.startDriver(BaseTest.java:64)
at java.base/java.util.ArrayList.forEach(ArrayList.java:1511)
... Removed 36 stack frames]]>
    </failure>
  </testcase> <!-- @BeforeMethod startDriver -->
  <testcase classname="org.selenium.pom.base.BaseTest" name="@AfterMethod quitDriver" time="0.0">
    <skipped/>
  </testcase> <!-- @AfterMethod quitDriver -->
  <testcase classname="org.selenium.pom.tests.AddToCartTest" name="addToCartFeaturedProducts" time="0.0">
    <failure type="org.testng.TestNGException" message="
Method public void org.selenium.pom.tests.AddToCartTest.addToCartFeaturedProducts(org.selenium.pom.objects.Product) requires a @DataProvider named : getFeaturedProducts in class org.selenium.pom.dataproviders.MyDataProvider">
      <![CDATA[org.testng.TestNGException: 
Method public void org.selenium.pom.tests.AddToCartTest.addToCartFeaturedProducts(org.selenium.pom.objects.Product) requires a @DataProvider named : getFeaturedProducts in class org.selenium.pom.dataproviders.MyDataProvider
at java.base/java.util.ArrayList.forEach(ArrayList.java:1511)
... Removed 29 stack frames]]>
    </failure>
  </testcase> <!-- addToCartFeaturedProducts -->
  <testcase classname="org.selenium.pom.tests.AddToCartTest" name="addToCartFromStorePage" time="0.0">
    <skipped/>
  </testcase> <!-- addToCartFromStorePage -->
  <testcase classname="org.selenium.pom.tests.CheckoutTest" name="GuestCheckoutUsingDirectBankTransfer" time="0.0">
    <skipped/>
  </testcase> <!-- GuestCheckoutUsingDirectBankTransfer -->
  <testcase classname="org.selenium.pom.tests.CheckoutTest" name="LoginAndCheckoutUsingDirectBankTransfer" time="0.0">
    <skipped/>
  </testcase> <!-- LoginAndCheckoutUsingDirectBankTransfer -->
  <testcase classname="org.selenium.pom.tests.LoginTest" name="loginDuringCheckout" time="0.0">
    <skipped/>
  </testcase> <!-- loginDuringCheckout -->
  <testcase classname="org.selenium.pom.tests.MyRealTest" name="guestCheckoutUsingDirectBankTransfer" time="0.0">
    <skipped/>
  </testcase> <!-- guestCheckoutUsingDirectBankTransfer -->
  <testcase classname="org.selenium.pom.tests.MyRealTest" name="loginAndCheckoutUsingDirectBankTransfer" time="0.0">
    <skipped/>
  </testcase> <!-- loginAndCheckoutUsingDirectBankTransfer -->
  <testcase classname="org.selenium.pom.tests.NavigationTest" name="NavigateFromHomeToStoreUsingMainMenu" time="0.0">
    <skipped/>
  </testcase> <!-- NavigateFromHomeToStoreUsingMainMenu -->
  <testcase classname="org.selenium.pom.tests.SearchTest" name="searchWithPartialMatch" time="0.0">
    <skipped/>
  </testcase> <!-- searchWithPartialMatch -->
</testsuite> <!-- Surefire test -->
