<!DOCTYPE html PUBLIC "-//W3C//DTD XHTML 1.1//EN" "https://www.w3.org/TR/xhtml11/DTD/xhtml11.dtd">
<html xmlns="https://www.w3.org/1999/xhtml">
<head>
<meta http-equiv="content-type" content="text/html; charset=UTF-8"/>
<title>TestNG Report</title>
<style type="text/css">table {margin-bottom:10px;border-collapse:collapse;empty-cells:show}th,td {border:1px solid #009;padding:.25em .5em}th {vertical-align:bottom}td {vertical-align:top}table a {font-weight:bold}.stripe td {background-color: #E6EBF9}.num {text-align:right}.passedodd td {background-color: #3F3}.passedeven td {background-color: #0A0}.skippedodd td {background-color: #DDD}.skippedeven td {background-color: #CCC}.failedodd td,.attn {background-color: #F33}.failedeven td,.stripe .attn {background-color: #D00}.stacktrace {white-space:pre;font-family:monospace}.totop {font-size:85%;text-align:center;border-bottom:2px solid #000}.invisible {display:none}</style>
</head>
<body>
<table>
<tr><th>Test</th><th># Passed</th><th># Skipped</th><th># Retried</th><th># Failed</th><th>Time (ms)</th><th>Included Groups</th><th>Excluded Groups</th></tr>
<tr><th colspan="8">Surefire suite</th></tr>
<tr><td><a href="#t0">Surefire test</a></td><td class="num">0</td><td class="num attn">8</td><td class="num">0</td><td class="num attn">1</td><td class="num">371</td><td></td><td></td></tr>
</table>
<table id='summary'><thead><tr><th>Class</th><th>Method</th><th>Start</th><th>Time (ms)</th></tr></thead><tbody><tr><th colspan="4">Surefire suite</th></tr></tbody><tbody id="t0"><tr><th colspan="4">Surefire test &#8212; failed (configuration methods)</th></tr><tr class="failedeven"><td rowspan="1">org.selenium.pom.tests.AddToCartTest</td><td><a href="#m0">startDriver</a></td><td rowspan="1">1717697685693</td><td rowspan="1">21</td></tr><tr class="failedodd"><td rowspan="1">org.selenium.pom.tests.CheckoutTest</td><td><a href="#m1">startDriver</a></td><td rowspan="1">1717697685748</td><td rowspan="1">1</td></tr><tr class="failedeven"><td rowspan="1">org.selenium.pom.tests.LoginTest</td><td><a href="#m2">startDriver</a></td><td rowspan="1">1717697685771</td><td rowspan="1">0</td></tr><tr class="failedodd"><td rowspan="1">org.selenium.pom.tests.MyRealTest</td><td><a href="#m3">startDriver</a></td><td rowspan="1">1717697685782</td><td rowspan="1">0</td></tr><tr class="failedeven"><td rowspan="1">org.selenium.pom.tests.NavigationTest</td><td><a href="#m4">startDriver</a></td><td rowspan="1">1717697685798</td><td rowspan="1">1</td></tr><tr class="failedodd"><td rowspan="1">org.selenium.pom.tests.SearchTest</td><td><a href="#m5">startDriver</a></td><td rowspan="1">1717697685809</td><td rowspan="1">1</td></tr><tr><th colspan="4">Surefire test &#8212; failed</th></tr><tr class="failedeven"><td rowspan="1">org.selenium.pom.tests.AddToCartTest</td><td><a href="#m6">addToCartFeaturedProducts</a></td><td rowspan="1">1717697685495</td><td rowspan="1">0</td></tr><tr><th colspan="4">Surefire test &#8212; skipped (configuration methods)</th></tr><tr class="skippedeven"><td rowspan="1">org.selenium.pom.tests.AddToCartTest</td><td><a href="#m7">quitDriver</a></td><td rowspan="1">1717697685744</td><td rowspan="1">0</td></tr><tr class="skippedodd"><td rowspan="3">org.selenium.pom.tests.CheckoutTest</td><td><a href="#m8">quitDriver</a></td><td rowspan="2">1717697685759</td><td rowspan="2">0</td></tr><tr class="skippedodd"><td><a href="#m9">quitDriver</a></td></tr><tr class="skippedodd"><td><a href="#m10">startDriver</a></td><td rowspan="1">1717697685762</td><td rowspan="1">0</td></tr><tr class="skippedeven"><td rowspan="1">org.selenium.pom.tests.LoginTest</td><td><a href="#m11">quitDriver</a></td><td rowspan="1">1717697685780</td><td rowspan="1">0</td></tr><tr class="skippedodd"><td rowspan="3">org.selenium.pom.tests.MyRealTest</td><td><a href="#m12">quitDriver</a></td><td rowspan="2">1717697685796</td><td rowspan="2">0</td></tr><tr class="skippedodd"><td><a href="#m13">quitDriver</a></td></tr><tr class="skippedodd"><td><a href="#m14">startDriver</a></td><td rowspan="1">1717697685792</td><td rowspan="1">0</td></tr><tr class="skippedeven"><td rowspan="1">org.selenium.pom.tests.NavigationTest</td><td><a href="#m15">quitDriver</a></td><td rowspan="1">1717697685807</td><td rowspan="1">0</td></tr><tr class="skippedodd"><td rowspan="1">org.selenium.pom.tests.SearchTest</td><td><a href="#m16">quitDriver</a></td><td rowspan="1">1717697685818</td><td rowspan="1">0</td></tr><tr><th colspan="4">Surefire test &#8212; skipped</th></tr><tr class="skippedeven"><td rowspan="1">org.selenium.pom.tests.AddToCartTest</td><td><a href="#m17">addToCartFromStorePage</a></td><td rowspan="1">1717697685738</td><td rowspan="1">0</td></tr><tr class="skippedodd"><td rowspan="2">org.selenium.pom.tests.CheckoutTest</td><td><a href="#m18">GuestCheckoutUsingDirectBankTransfer</a></td><td rowspan="1">1717697685755</td><td rowspan="1">0</td></tr><tr class="skippedodd"><td><a href="#m19">LoginAndCheckoutUsingDirectBankTransfer</a></td><td rowspan="1">1717697685764</td><td rowspan="1">0</td></tr><tr class="skippedeven"><td rowspan="1">org.selenium.pom.tests.LoginTest</td><td><a href="#m20">loginDuringCheckout</a></td><td rowspan="1">1717697685777</td><td rowspan="1">0</td></tr><tr class="skippedodd"><td rowspan="2">org.selenium.pom.tests.MyRealTest</td><td><a href="#m21">guestCheckoutUsingDirectBankTransfer</a></td><td rowspan="1">1717697685787</td><td rowspan="1">0</td></tr><tr class="skippedodd"><td><a href="#m22">loginAndCheckoutUsingDirectBankTransfer</a></td><td rowspan="1">1717697685794</td><td rowspan="1">0</td></tr><tr class="skippedeven"><td rowspan="1">org.selenium.pom.tests.NavigationTest</td><td><a href="#m23">NavigateFromHomeToStoreUsingMainMenu</a></td><td rowspan="1">1717697685804</td><td rowspan="1">0</td></tr><tr class="skippedodd"><td rowspan="1">org.selenium.pom.tests.SearchTest</td><td><a href="#m24">searchWithPartialMatch</a></td><td rowspan="1">1717697685814</td><td rowspan="1">0</td></tr></tbody>
</table>
<h2>Surefire test</h2><h3 id="m0">org.selenium.pom.tests.AddToCartTest#startDriver</h3><table class="result"><tr class="param"><th>Parameter #1</th></tr><tr class="param stripe"><td>null</td></tr><tr><th>Exception</th></tr><tr><td><div class="stacktrace">java.lang.NullPointerException: Name is null
	at java.base/java.lang.Enum.valueOf(Enum.java:271)
	at org.selenium.pom.constants.DriverType.valueOf(DriverType.java:3)
	at org.selenium.pom.base.BaseTest.startDriver(BaseTest.java:64)
	at java.base/java.util.ArrayList.forEach(ArrayList.java:1511)
... Removed 36 stack frames</div></td></tr></table><p class="totop"><a href="#summary">back to summary</a></p>
<h3 id="m1">org.selenium.pom.tests.CheckoutTest#startDriver</h3><table class="result"><tr class="param"><th>Parameter #1</th></tr><tr class="param stripe"><td>null</td></tr><tr><th>Exception</th></tr><tr><td><div class="stacktrace">java.lang.NullPointerException: Name is null
	at java.base/java.lang.Enum.valueOf(Enum.java:271)
	at org.selenium.pom.constants.DriverType.valueOf(DriverType.java:3)
	at org.selenium.pom.base.BaseTest.startDriver(BaseTest.java:64)
	at java.base/java.util.ArrayList.forEach(ArrayList.java:1511)
... Removed 36 stack frames</div></td></tr></table><p class="totop"><a href="#summary">back to summary</a></p>
<h3 id="m2">org.selenium.pom.tests.LoginTest#startDriver</h3><table class="result"><tr class="param"><th>Parameter #1</th></tr><tr class="param stripe"><td>null</td></tr><tr><th>Exception</th></tr><tr><td><div class="stacktrace">java.lang.NullPointerException: Name is null
	at java.base/java.lang.Enum.valueOf(Enum.java:271)
	at org.selenium.pom.constants.DriverType.valueOf(DriverType.java:3)
	at org.selenium.pom.base.BaseTest.startDriver(BaseTest.java:64)
	at java.base/java.util.ArrayList.forEach(ArrayList.java:1511)
... Removed 36 stack frames</div></td></tr></table><p class="totop"><a href="#summary">back to summary</a></p>
<h3 id="m3">org.selenium.pom.tests.MyRealTest#startDriver</h3><table class="result"><tr class="param"><th>Parameter #1</th></tr><tr class="param stripe"><td>null</td></tr><tr><th>Exception</th></tr><tr><td><div class="stacktrace">java.lang.NullPointerException: Name is null
	at java.base/java.lang.Enum.valueOf(Enum.java:271)
	at org.selenium.pom.constants.DriverType.valueOf(DriverType.java:3)
	at org.selenium.pom.base.BaseTest.startDriver(BaseTest.java:64)
	at java.base/java.util.ArrayList.forEach(ArrayList.java:1511)
... Removed 36 stack frames</div></td></tr></table><p class="totop"><a href="#summary">back to summary</a></p>
<h3 id="m4">org.selenium.pom.tests.NavigationTest#startDriver</h3><table class="result"><tr class="param"><th>Parameter #1</th></tr><tr class="param stripe"><td>null</td></tr><tr><th>Exception</th></tr><tr><td><div class="stacktrace">java.lang.NullPointerException: Name is null
	at java.base/java.lang.Enum.valueOf(Enum.java:271)
	at org.selenium.pom.constants.DriverType.valueOf(DriverType.java:3)
	at org.selenium.pom.base.BaseTest.startDriver(BaseTest.java:64)
	at java.base/java.util.ArrayList.forEach(ArrayList.java:1511)
... Removed 36 stack frames</div></td></tr></table><p class="totop"><a href="#summary">back to summary</a></p>
<h3 id="m5">org.selenium.pom.tests.SearchTest#startDriver</h3><table class="result"><tr class="param"><th>Parameter #1</th></tr><tr class="param stripe"><td>null</td></tr><tr><th>Exception</th></tr><tr><td><div class="stacktrace">java.lang.NullPointerException: Name is null
	at java.base/java.lang.Enum.valueOf(Enum.java:271)
	at org.selenium.pom.constants.DriverType.valueOf(DriverType.java:3)
	at org.selenium.pom.base.BaseTest.startDriver(BaseTest.java:64)
	at java.base/java.util.ArrayList.forEach(ArrayList.java:1511)
... Removed 36 stack frames</div></td></tr></table><p class="totop"><a href="#summary">back to summary</a></p>
<h3 id="m6">org.selenium.pom.tests.AddToCartTest#addToCartFeaturedProducts</h3><table class="result"><tr><th>Exception</th></tr><tr><td><div class="stacktrace">org.testng.TestNGException: 
Method public void org.selenium.pom.tests.AddToCartTest.addToCartFeaturedProducts(org.selenium.pom.objects.Product) requires a @DataProvider named : getFeaturedProducts in class org.selenium.pom.dataproviders.MyDataProvider
	at java.base/java.util.ArrayList.forEach(ArrayList.java:1511)
... Removed 29 stack frames</div></td></tr></table><p class="totop"><a href="#summary">back to summary</a></p>
<h3 id="m7">org.selenium.pom.tests.AddToCartTest#quitDriver</h3><table class="result"><tr><th class="invisible"/></tr></table><p class="totop"><a href="#summary">back to summary</a></p>
<h3 id="m8">org.selenium.pom.tests.CheckoutTest#quitDriver</h3><table class="result"><tr><th class="invisible"/></tr></table><p class="totop"><a href="#summary">back to summary</a></p>
<h3 id="m9">org.selenium.pom.tests.CheckoutTest#quitDriver</h3><table class="result"><tr><th class="invisible"/></tr></table><p class="totop"><a href="#summary">back to summary</a></p>
<h3 id="m10">org.selenium.pom.tests.CheckoutTest#startDriver</h3><table class="result"><tr><th class="invisible"/></tr></table><p class="totop"><a href="#summary">back to summary</a></p>
<h3 id="m11">org.selenium.pom.tests.LoginTest#quitDriver</h3><table class="result"><tr><th class="invisible"/></tr></table><p class="totop"><a href="#summary">back to summary</a></p>
<h3 id="m12">org.selenium.pom.tests.MyRealTest#quitDriver</h3><table class="result"><tr><th class="invisible"/></tr></table><p class="totop"><a href="#summary">back to summary</a></p>
<h3 id="m13">org.selenium.pom.tests.MyRealTest#quitDriver</h3><table class="result"><tr><th class="invisible"/></tr></table><p class="totop"><a href="#summary">back to summary</a></p>
<h3 id="m14">org.selenium.pom.tests.MyRealTest#startDriver</h3><table class="result"><tr><th class="invisible"/></tr></table><p class="totop"><a href="#summary">back to summary</a></p>
<h3 id="m15">org.selenium.pom.tests.NavigationTest#quitDriver</h3><table class="result"><tr><th class="invisible"/></tr></table><p class="totop"><a href="#summary">back to summary</a></p>
<h3 id="m16">org.selenium.pom.tests.SearchTest#quitDriver</h3><table class="result"><tr><th class="invisible"/></tr></table><p class="totop"><a href="#summary">back to summary</a></p>
<h3 id="m17">org.selenium.pom.tests.AddToCartTest#addToCartFromStorePage</h3><table class="result"><tr><th>Exception</th></tr><tr><td><div class="stacktrace">java.lang.NullPointerException: Name is null
	at java.base/java.lang.Enum.valueOf(Enum.java:271)
	at org.selenium.pom.constants.DriverType.valueOf(DriverType.java:3)
	at org.selenium.pom.base.BaseTest.startDriver(BaseTest.java:64)
	at java.base/java.util.ArrayList.forEach(ArrayList.java:1511)
... Removed 36 stack frames</div></td></tr></table><p class="totop"><a href="#summary">back to summary</a></p>
<h3 id="m18">org.selenium.pom.tests.CheckoutTest#GuestCheckoutUsingDirectBankTransfer</h3><table class="result"><tr><th>Exception</th></tr><tr><td><div class="stacktrace">java.lang.NullPointerException: Name is null
	at java.base/java.lang.Enum.valueOf(Enum.java:271)
	at org.selenium.pom.constants.DriverType.valueOf(DriverType.java:3)
	at org.selenium.pom.base.BaseTest.startDriver(BaseTest.java:64)
	at java.base/java.util.ArrayList.forEach(ArrayList.java:1511)
... Removed 36 stack frames</div></td></tr></table><p class="totop"><a href="#summary">back to summary</a></p>
<h3 id="m19">org.selenium.pom.tests.CheckoutTest#LoginAndCheckoutUsingDirectBankTransfer</h3><table class="result"><tr><th>Exception</th></tr><tr><td><div class="stacktrace">java.lang.NullPointerException: Name is null
	at java.base/java.lang.Enum.valueOf(Enum.java:271)
	at org.selenium.pom.constants.DriverType.valueOf(DriverType.java:3)
	at org.selenium.pom.base.BaseTest.startDriver(BaseTest.java:64)
	at java.base/java.util.ArrayList.forEach(ArrayList.java:1511)
... Removed 36 stack frames</div></td></tr></table><p class="totop"><a href="#summary">back to summary</a></p>
<h3 id="m20">org.selenium.pom.tests.LoginTest#loginDuringCheckout</h3><table class="result"><tr><th>Exception</th></tr><tr><td><div class="stacktrace">java.lang.NullPointerException: Name is null
	at java.base/java.lang.Enum.valueOf(Enum.java:271)
	at org.selenium.pom.constants.DriverType.valueOf(DriverType.java:3)
	at org.selenium.pom.base.BaseTest.startDriver(BaseTest.java:64)
	at java.base/java.util.ArrayList.forEach(ArrayList.java:1511)
... Removed 36 stack frames</div></td></tr></table><p class="totop"><a href="#summary">back to summary</a></p>
<h3 id="m21">org.selenium.pom.tests.MyRealTest#guestCheckoutUsingDirectBankTransfer</h3><table class="result"><tr><th>Exception</th></tr><tr><td><div class="stacktrace">java.lang.NullPointerException: Name is null
	at java.base/java.lang.Enum.valueOf(Enum.java:271)
	at org.selenium.pom.constants.DriverType.valueOf(DriverType.java:3)
	at org.selenium.pom.base.BaseTest.startDriver(BaseTest.java:64)
	at java.base/java.util.ArrayList.forEach(ArrayList.java:1511)
... Removed 36 stack frames</div></td></tr></table><p class="totop"><a href="#summary">back to summary</a></p>
<h3 id="m22">org.selenium.pom.tests.MyRealTest#loginAndCheckoutUsingDirectBankTransfer</h3><table class="result"><tr><th>Exception</th></tr><tr><td><div class="stacktrace">java.lang.NullPointerException: Name is null
	at java.base/java.lang.Enum.valueOf(Enum.java:271)
	at org.selenium.pom.constants.DriverType.valueOf(DriverType.java:3)
	at org.selenium.pom.base.BaseTest.startDriver(BaseTest.java:64)
	at java.base/java.util.ArrayList.forEach(ArrayList.java:1511)
... Removed 36 stack frames</div></td></tr></table><p class="totop"><a href="#summary">back to summary</a></p>
<h3 id="m23">org.selenium.pom.tests.NavigationTest#NavigateFromHomeToStoreUsingMainMenu</h3><table class="result"><tr><th>Exception</th></tr><tr><td><div class="stacktrace">java.lang.NullPointerException: Name is null
	at java.base/java.lang.Enum.valueOf(Enum.java:271)
	at org.selenium.pom.constants.DriverType.valueOf(DriverType.java:3)
	at org.selenium.pom.base.BaseTest.startDriver(BaseTest.java:64)
	at java.base/java.util.ArrayList.forEach(ArrayList.java:1511)
... Removed 36 stack frames</div></td></tr></table><p class="totop"><a href="#summary">back to summary</a></p>
<h3 id="m24">org.selenium.pom.tests.SearchTest#searchWithPartialMatch</h3><table class="result"><tr><th>Exception</th></tr><tr><td><div class="stacktrace">java.lang.NullPointerException: Name is null
	at java.base/java.lang.Enum.valueOf(Enum.java:271)
	at org.selenium.pom.constants.DriverType.valueOf(DriverType.java:3)
	at org.selenium.pom.base.BaseTest.startDriver(BaseTest.java:64)
	at java.base/java.util.ArrayList.forEach(ArrayList.java:1511)
... Removed 36 stack frames</div></td></tr></table><p class="totop"><a href="#summary">back to summary</a></p>
</body>
</html>
